2024/03/06 12:35:07 INFO  - jmeter.util.JMeterUtils: Setting Locale to en 
2024/03/06 12:35:07 INFO  - jmeter.JMeter: Loading user properties from: /usr/share/jmeter/bin/user.properties 
2024/03/06 12:35:07 INFO  - jmeter.JMeter: Loading system properties from: /usr/share/jmeter/bin/system.properties 
2024/03/06 12:35:07 INFO  - jmeter.JMeter: Copyright (c) 1998-2015 The Apache Software Foundation 
2024/03/06 12:35:07 INFO  - jmeter.JMeter: Version 2.13.19691222 
2024/03/06 12:35:07 INFO  - jmeter.JMeter: java.version=11.0.22 
2024/03/06 12:35:07 INFO  - jmeter.JMeter: java.vm.name=OpenJDK 64-Bit Server VM 
2024/03/06 12:35:07 INFO  - jmeter.JMeter: os.name=Linux 
2024/03/06 12:35:07 INFO  - jmeter.JMeter: os.arch=amd64 
2024/03/06 12:35:07 INFO  - jmeter.JMeter: os.version=5.15.133.1-microsoft-standard-WSL2 
2024/03/06 12:35:07 INFO  - jmeter.JMeter: file.encoding=UTF-8 
2024/03/06 12:35:07 INFO  - jmeter.JMeter: Default Locale=English 
2024/03/06 12:35:07 INFO  - jmeter.JMeter: JMeter  Locale=English 
2024/03/06 12:35:07 INFO  - jmeter.JMeter: JMeterHome=/usr/share/jmeter 
2024/03/06 12:35:07 INFO  - jmeter.JMeter: user.dir  =/mnt/d/GitHub/lucastran 
2024/03/06 12:35:07 INFO  - jmeter.JMeter: PWD       =/mnt/d/GitHub/lucastran 
2024/03/06 12:35:07 INFO  - jmeter.JMeter: IP: 127.0.1.1 Name: HuynhNgocThien FullName: HuynhNgocThien. 
2024/03/06 12:35:07 INFO  - jmeter.gui.action.LookAndFeelCommand: Using look and feel: javax.swing.plaf.metal.MetalLookAndFeel [Metal, CrossPlatform, System] 
2024/03/06 12:35:07 INFO  - jmeter.JMeter: Loaded icon properties from org/apache/jmeter/images/icon.properties 
2024/03/06 12:35:07 INFO  - jmeter.engine.util.CompoundVariable: Note: Function class names must contain the string: '.functions.' 
2024/03/06 12:35:07 INFO  - jmeter.engine.util.CompoundVariable: Note: Function class names must not contain the string: '.gui.' 
2024/03/06 12:35:07 INFO  - jmeter.util.BSFTestElement: Registering JMeter version of JavaScript engine as work-round for BSF-22 
2024/03/06 12:35:08 INFO  - jmeter.protocol.http.sampler.HTTPSamplerBase: Cannot find .className property for htmlParser, using default 
2024/03/06 12:35:08 INFO  - jmeter.protocol.http.sampler.HTTPSamplerBase: Parser for text/html is  
2024/03/06 12:35:08 INFO  - jmeter.protocol.http.sampler.HTTPSamplerBase: Parser for application/xhtml+xml is  
2024/03/06 12:35:08 INFO  - jmeter.protocol.http.sampler.HTTPSamplerBase: Parser for application/xml is  
2024/03/06 12:35:08 INFO  - jmeter.protocol.http.sampler.HTTPSamplerBase: Parser for text/xml is  
2024/03/06 12:35:08 INFO  - jmeter.protocol.http.sampler.HTTPSamplerBase: Parser for text/vnd.wap.wml is org.apache.jmeter.protocol.http.parser.RegexpHTMLParser 
2024/03/06 12:35:08 INFO  - jmeter.gui.util.MenuFactory: Skipping org.apache.jmeter.protocol.http.modifier.gui.ParamModifierGui 
2024/03/06 12:35:08 INFO  - jorphan.exec.KeyToolUtils: keytool found at 'keytool' 
2024/03/06 12:35:08 INFO  - jmeter.protocol.http.proxy.ProxyControl: HTTP(S) Test Script Recorder SSL Proxy will use keys that support embedded 3rd party resources in file /usr/share/jmeter/bin/proxyserver.jks 
2024/03/06 12:35:08 INFO  - jmeter.samplers.SampleResult: Note: Sample TimeStamps are START times 
2024/03/06 12:35:08 INFO  - jmeter.samplers.SampleResult: sampleresult.default.encoding is set to ISO-8859-1 
2024/03/06 12:35:08 INFO  - jmeter.samplers.SampleResult: sampleresult.useNanoTime=true 
2024/03/06 12:35:08 INFO  - jmeter.samplers.SampleResult: sampleresult.nanoThreadSleep=5000 
2024/03/06 12:35:22 INFO  - jmeter.services.FileServer: Default base='/mnt/d/GitHub/lucastran' 
2024/03/06 12:35:22 INFO  - jmeter.gui.action.Load: Loading file: /mnt/d/GitHub/lucastran/Graph Results.jmx 
2024/03/06 12:35:22 INFO  - jmeter.services.FileServer: Set new base='/mnt/d/GitHub/lucastran' 
2024/03/06 12:35:22 INFO  - jmeter.save.SaveService: Testplan (JMX) version: 2.2. Testlog (JTL) version: 2.2 
2024/03/06 12:35:22 INFO  - jmeter.save.SaveService: Using SaveService properties version 2.8 
2024/03/06 12:35:22 INFO  - jmeter.save.SaveService: Using SaveService properties file version 1656252 
2024/03/06 12:35:22 INFO  - jmeter.save.SaveService: Using SaveService properties file encoding UTF-8 
2024/03/06 12:35:22 INFO  - jmeter.save.SaveService: All converter versions present and correct 
2024/03/06 12:35:22 INFO  - jmeter.save.SaveService: Loading file: /mnt/d/GitHub/lucastran/Graph Results.jmx 
2024/03/06 12:35:22 WARN  - jmeter.gui.action.Load: Unexpected error com.thoughtworks.xstream.security.ForbiddenClassException: org.apache.jmeter.save.ScriptWrapper
	at com.thoughtworks.xstream.security.NoTypePermission.allows(NoTypePermission.java:26)
	at com.thoughtworks.xstream.mapper.SecurityMapper.realClass(SecurityMapper.java:74)
	at com.thoughtworks.xstream.mapper.MapperWrapper.realClass(MapperWrapper.java:125)
	at org.apache.jmeter.save.SaveService$XStreamWrapper$1.realClass(SaveService.java:94)
	at com.thoughtworks.xstream.mapper.MapperWrapper.realClass(MapperWrapper.java:125)
	at com.thoughtworks.xstream.mapper.CachingMapper.realClass(CachingMapper.java:47)
	at com.thoughtworks.xstream.core.util.HierarchicalStreams.readClassType(HierarchicalStreams.java:29)
	at com.thoughtworks.xstream.core.TreeUnmarshaller.start(TreeUnmarshaller.java:133)
	at com.thoughtworks.xstream.core.AbstractTreeMarshallingStrategy.unmarshal(AbstractTreeMarshallingStrategy.java:32)
	at com.thoughtworks.xstream.XStream.unmarshal(XStream.java:1392)
	at com.thoughtworks.xstream.XStream.unmarshal(XStream.java:1377)
	at com.thoughtworks.xstream.XStream.fromXML(XStream.java:1262)
	at org.apache.jmeter.save.SaveService.readTree(SaveService.java:559)
	at org.apache.jmeter.save.SaveService.loadTree(SaveService.java:537)
	at org.apache.jmeter.gui.action.Load.loadProjectFile(Load.java:130)
	at org.apache.jmeter.gui.action.Load.loadProjectFile(Load.java:102)
	at org.apache.jmeter.gui.action.Load.doAction(Load.java:89)
	at org.apache.jmeter.gui.action.ActionRouter.performAction(ActionRouter.java:81)
	at org.apache.jmeter.gui.action.ActionRouter.access$000(ActionRouter.java:40)
	at org.apache.jmeter.gui.action.ActionRouter$1.run(ActionRouter.java:63)
	at java.desktop/java.awt.event.InvocationEvent.dispatch(InvocationEvent.java:313)
	at java.desktop/java.awt.EventQueue.dispatchEventImpl(EventQueue.java:770)
	at java.desktop/java.awt.EventQueue$4.run(EventQueue.java:721)
	at java.desktop/java.awt.EventQueue$4.run(EventQueue.java:715)
	at java.base/java.security.AccessController.doPrivileged(Native Method)
	at java.base/java.security.ProtectionDomain$JavaSecurityAccessImpl.doIntersectionPrivilege(ProtectionDomain.java:85)
	at java.desktop/java.awt.EventQueue.dispatchEvent(EventQueue.java:740)
	at java.desktop/java.awt.EventDispatchThread.pumpOneEventForFilters(EventDispatchThread.java:203)
	at java.desktop/java.awt.EventDispatchThread.pumpEventsForFilter(EventDispatchThread.java:124)
	at java.desktop/java.awt.EventDispatchThread.pumpEventsForHierarchy(EventDispatchThread.java:113)
	at java.desktop/java.awt.EventDispatchThread.pumpEvents(EventDispatchThread.java:109)
	at java.desktop/java.awt.EventDispatchThread.pumpEvents(EventDispatchThread.java:101)
	at java.desktop/java.awt.EventDispatchThread.run(EventDispatchThread.java:90)

